{"/home/carlosroberto/Projetos/saas/odontopro/api/src/app.module.ts": {"path":"/home/carlosroberto/Projetos/saas/odontopro/api/src/app.module.ts","statementMap":{"0":{"start":{"line":7,"column":0},"end":{"line":7,"column":40}},"1":{"start":{"line":8,"column":0},"end":{"line":8,"column":46}},"2":{"start":{"line":9,"column":0},"end":{"line":9,"column":54}},"3":{"start":{"line":10,"column":0},"end":{"line":10,"column":54}},"4":{"start":{"line":11,"column":0},"end":{"line":11,"column":57}},"5":{"start":{"line":12,"column":0},"end":{"line":12,"column":72}},"6":{"start":{"line":26,"column":7},"end":{"line":26,"column":null}},"7":{"start":{"line":26,"column":13},"end":{"line":26,"column":22}},"8":{"start":{"line":26,"column":13},"end":{"line":26,"column":null}}},"fnMap":{},"branchMap":{},"s":{"0":0,"1":0,"2":0,"3":0,"4":0,"5":0,"6":0,"7":0,"8":0},"f":{},"b":{}}
,"/home/carlosroberto/Projetos/saas/odontopro/api/src/generate-swagger.ts": {"path":"/home/carlosroberto/Projetos/saas/odontopro/api/src/generate-swagger.ts","statementMap":{"0":{"start":{"line":5,"column":0},"end":{"line":5,"column":26}},"1":{"start":{"line":6,"column":0},"end":{"line":6,"column":43}},"2":{"start":{"line":7,"column":0},"end":{"line":7,"column":65}},"3":{"start":{"line":8,"column":0},"end":{"line":8,"column":46}},"4":{"start":{"line":9,"column":0},"end":{"line":9,"column":28}},"5":{"start":{"line":13,"column":2},"end":{"line":13,"column":33}},"6":{"start":{"line":14,"column":2},"end":{"line":14,"column":40}},"7":{"start":{"line":15,"column":2},"end":{"line":15,"column":33}},"8":{"start":{"line":17,"column":2},"end":{"line":17,"column":46}},"9":{"start":{"line":20,"column":24},"end":{"line":20,"column":52}},"10":{"start":{"line":22,"column":2},"end":{"line":22,"column":57}},"11":{"start":{"line":23,"column":14},"end":{"line":23,"column":68}},"12":{"start":{"line":24,"column":2},"end":{"line":24,"column":19}},"13":{"start":{"line":26,"column":2},"end":{"line":26,"column":58}},"14":{"start":{"line":27,"column":21},"end":{"line":33,"column":12}},"15":{"start":{"line":35,"column":19},"end":{"line":35,"column":64}},"16":{"start":{"line":37,"column":17},"end":{"line":37,"column":44}},"17":{"start":{"line":38,"column":2},"end":{"line":38,"column":41}},"18":{"start":{"line":39,"column":18},"end":{"line":39,"column":46}},"19":{"start":{"line":40,"column":2},"end":{"line":40,"column":60}},"20":{"start":{"line":42,"column":2},"end":{"line":42,"column":20}},"21":{"start":{"line":43,"column":2},"end":{"line":43,"column":44}},"22":{"start":{"line":46,"column":2},"end":{"line":46,"column":18}},"23":{"start":{"line":49,"column":0},"end":{"line":52,"column":3}},"24":{"start":{"line":50,"column":2},"end":{"line":50,"column":38}},"25":{"start":{"line":51,"column":2},"end":{"line":51,"column":18}}},"fnMap":{"0":{"name":"generate","decl":{"start":{"line":11,"column":15},"end":{"line":11,"column":23}},"loc":{"start":{"line":11,"column":23},"end":{"line":47,"column":1}}},"1":{"name":"(anonymous_10)","decl":{"start":{"line":20,"column":24},"end":{"line":20,"column":37}},"loc":{"start":{"line":20,"column":24},"end":{"line":20,"column":52}}},"2":{"name":"(anonymous_11)","decl":{"start":{"line":49,"column":17},"end":{"line":49,"column":18}},"loc":{"start":{"line":49,"column":23},"end":{"line":52,"column":1}}}},"branchMap":{},"s":{"0":0,"1":0,"2":0,"3":0,"4":0,"5":0,"6":0,"7":0,"8":0,"9":0,"10":0,"11":0,"12":0,"13":0,"14":0,"15":0,"16":0,"17":0,"18":0,"19":0,"20":0,"21":0,"22":0,"23":0,"24":0,"25":0},"f":{"0":0,"1":0,"2":0},"b":{}}
,"/home/carlosroberto/Projetos/saas/odontopro/api/src/swagger.ts": {"path":"/home/carlosroberto/Projetos/saas/odontopro/api/src/swagger.ts","statementMap":{"0":{"start":{"line":10,"column":0},"end":{"line":10,"column":16}},"1":{"start":{"line":8,"column":0},"end":{"line":8,"column":65}},"2":{"start":{"line":11,"column":16},"end":{"line":11,"column":31}},"3":{"start":{"line":12,"column":22},"end":{"line":12,"column":66}},"4":{"start":{"line":13,"column":18},"end":{"line":13,"column":25}},"5":{"start":{"line":15,"column":18},"end":{"line":29,"column":12}},"6":{"start":{"line":31,"column":19},"end":{"line":31,"column":61}},"7":{"start":{"line":34,"column":2},"end":{"line":46,"column":4}},"8":{"start":{"line":48,"column":2},"end":{"line":51,"column":5}}},"fnMap":{"0":{"name":"setupSwagger","decl":{"start":{"line":10,"column":16},"end":{"line":10,"column":28}},"loc":{"start":{"line":10,"column":50},"end":{"line":52,"column":1}}}},"branchMap":{"0":{"loc":{"start":{"line":22,"column":6},"end":{"line":22,"column":64}},"type":"binary-expr","locations":[{"start":{"line":22,"column":6},"end":{"line":22,"column":37}},{"start":{"line":22,"column":41},"end":{"line":22,"column":64}}]},"1":{"loc":{"start":{"line":26,"column":6},"end":{"line":26,"column":64}},"type":"binary-expr","locations":[{"start":{"line":26,"column":6},"end":{"line":26,"column":37}},{"start":{"line":26,"column":41},"end":{"line":26,"column":64}}]}},"s":{"0":0,"1":0,"2":0,"3":0,"4":0,"5":0,"6":0,"7":0,"8":0},"f":{"0":0},"b":{"0":[0,0],"1":[0,0]}}
,"/home/carlosroberto/Projetos/saas/odontopro/api/src/tracing.ts": {"path":"/home/carlosroberto/Projetos/saas/odontopro/api/src/tracing.ts","statementMap":{"0":{"start":{"line":5,"column":0},"end":{"line":5,"column":50}},"1":{"start":{"line":6,"column":0},"end":{"line":6,"column":52}},"2":{"start":{"line":7,"column":0},"end":{"line":7,"column":81}},"3":{"start":{"line":8,"column":0},"end":{"line":8,"column":76}},"4":{"start":{"line":9,"column":0},"end":{"line":9,"column":88}},"5":{"start":{"line":11,"column":20},"end":{"line":11,"column":72}},"6":{"start":{"line":13,"column":2},"end":{"line":14,"column":14}},"7":{"start":{"line":16,"column":13},"end":{"line":28,"column":3}}},"fnMap":{},"branchMap":{"0":{"loc":{"start":{"line":11,"column":20},"end":{"line":11,"column":72}},"type":"binary-expr","locations":[{"start":{"line":11,"column":20},"end":{"line":11,"column":53}},{"start":{"line":11,"column":57},"end":{"line":11,"column":72}}]},"1":{"loc":{"start":{"line":13,"column":3},"end":{"line":13,"column":74}},"type":"binary-expr","locations":[{"start":{"line":13,"column":3},"end":{"line":13,"column":42}},{"start":{"line":13,"column":46},"end":{"line":13,"column":74}}]},"2":{"loc":{"start":{"line":20,"column":6},"end":{"line":20,"column":68}},"type":"binary-expr","locations":[{"start":{"line":20,"column":6},"end":{"line":20,"column":57}},{"start":{"line":20,"column":61},"end":{"line":20,"column":68}}]}},"s":{"0":0,"1":0,"2":0,"3":0,"4":0,"5":0,"6":0,"7":0},"f":{},"b":{"0":[0,0],"1":[0,0],"2":[0,0]}}
,"/home/carlosroberto/Projetos/saas/odontopro/api/src/appointments/appointments.controller.ts": {"path":"/home/carlosroberto/Projetos/saas/odontopro/api/src/appointments/appointments.controller.ts","statementMap":{"0":{"start":{"line":1,"column":0},"end":{"line":1,"column":null}},"1":{"start":{"line":11,"column":0},"end":{"line":11,"column":71}},"2":{"start":{"line":12,"column":0},"end":{"line":12,"column":61}},"3":{"start":{"line":13,"column":0},"end":{"line":13,"column":68}},"4":{"start":{"line":14,"column":0},"end":{"line":14,"column":68}},"5":{"start":{"line":15,"column":0},"end":{"line":15,"column":66}},"6":{"start":{"line":16,"column":0},"end":{"line":16,"column":48}},"7":{"start":{"line":20,"column":7},"end":{"line":53,"column":null}},"8":{"start":{"line":21,"column":31},"end":{"line":21,"column":40}},"9":{"start":{"line":26,"column":4},"end":{"line":26,"column":36}},"10":{"start":{"line":32,"column":4},"end":{"line":32,"column":36}},"11":{"start":{"line":38,"column":4},"end":{"line":38,"column":36}},"12":{"start":{"line":44,"column":4},"end":{"line":44,"column":40}},"13":{"start":{"line":51,"column":4},"end":{"line":51,"column":35}},"14":{"start":{"line":20,"column":13},"end":{"line":20,"column":35}},"15":{"start":{"line":25,"column":2},"end":{"line":27,"column":null}},"16":{"start":{"line":31,"column":2},"end":{"line":33,"column":null}},"17":{"start":{"line":37,"column":2},"end":{"line":39,"column":null}},"18":{"start":{"line":43,"column":2},"end":{"line":45,"column":null}},"19":{"start":{"line":50,"column":2},"end":{"line":52,"column":null}},"20":{"start":{"line":20,"column":13},"end":{"line":53,"column":null}}},"fnMap":{"0":{"name":"(anonymous_4)","decl":{"start":{"line":21,"column":2},"end":{"line":21,"column":31}},"loc":{"start":{"line":21,"column":59},"end":{"line":21,"column":63}}},"1":{"name":"(anonymous_5)","decl":{"start":{"line":25,"column":2},"end":{"line":25,"column":8}},"loc":{"start":{"line":25,"column":42},"end":{"line":27,"column":3}}},"2":{"name":"(anonymous_6)","decl":{"start":{"line":31,"column":2},"end":{"line":31,"column":10}},"loc":{"start":{"line":31,"column":42},"end":{"line":33,"column":3}}},"3":{"name":"(anonymous_7)","decl":{"start":{"line":37,"column":2},"end":{"line":37,"column":9}},"loc":{"start":{"line":37,"column":37},"end":{"line":39,"column":3}}},"4":{"name":"(anonymous_8)","decl":{"start":{"line":43,"column":2},"end":{"line":43,"column":8}},"loc":{"start":{"line":43,"column":71},"end":{"line":45,"column":3}}},"5":{"name":"(anonymous_9)","decl":{"start":{"line":50,"column":2},"end":{"line":50,"column":8}},"loc":{"start":{"line":50,"column":36},"end":{"line":52,"column":3}}}},"branchMap":{},"s":{"0":0,"1":0,"2":0,"3":0,"4":0,"5":0,"6":0,"7":0,"8":0,"9":0,"10":0,"11":0,"12":0,"13":0,"14":0,"15":0,"16":0,"17":0,"18":0,"19":0,"20":0},"f":{"0":0,"1":0,"2":0,"3":0,"4":0,"5":0},"b":{}}
,"/home/carlosroberto/Projetos/saas/odontopro/api/src/appointments/appointments.module.ts": {"path":"/home/carlosroberto/Projetos/saas/odontopro/api/src/appointments/appointments.module.ts","statementMap":{"0":{"start":{"line":1,"column":0},"end":{"line":1,"column":40}},"1":{"start":{"line":2,"column":0},"end":{"line":2,"column":61}},"2":{"start":{"line":3,"column":0},"end":{"line":3,"column":67}},"3":{"start":{"line":10,"column":7},"end":{"line":10,"column":null}},"4":{"start":{"line":10,"column":13},"end":{"line":10,"column":31}},"5":{"start":{"line":10,"column":13},"end":{"line":10,"column":null}}},"fnMap":{},"branchMap":{},"s":{"0":0,"1":0,"2":0,"3":0,"4":0,"5":0},"f":{},"b":{}}
,"/home/carlosroberto/Projetos/saas/odontopro/api/src/appointments/dto/create-appointment.dto.ts": {"path":"/home/carlosroberto/Projetos/saas/odontopro/api/src/appointments/dto/create-appointment.dto.ts","statementMap":{"0":{"start":{"line":1,"column":0},"end":{"line":1,"column":67}},"1":{"start":{"line":2,"column":0},"end":{"line":2,"column":null}},"2":{"start":{"line":11,"column":0},"end":{"line":11,"column":null}},"3":{"start":{"line":12,"column":2},"end":{"line":12,"column":null}},"4":{"start":{"line":13,"column":2},"end":{"line":13,"column":null}},"5":{"start":{"line":14,"column":2},"end":{"line":14,"column":null}},"6":{"start":{"line":15,"column":2},"end":{"line":15,"column":null}},"7":{"start":{"line":18,"column":0},"end":{"line":18,"column":13}},"8":{"start":{"line":23,"column":2},"end":{"line":23,"column":null}},"9":{"start":{"line":27,"column":2},"end":{"line":27,"column":null}},"10":{"start":{"line":32,"column":2},"end":{"line":32,"column":null}},"11":{"start":{"line":40,"column":2},"end":{"line":40,"column":null}},"12":{"start":{"line":46,"column":2},"end":{"line":46,"column":null}},"13":{"start":{"line":51,"column":2},"end":{"line":51,"column":null}}},"fnMap":{"0":{"name":"(anonymous_2)","decl":{"start":{"line":11,"column":0},"end":{"line":11,"column":12}},"loc":{"start":{"line":11,"column":29},"end":{"line":16,"column":1}}}},"branchMap":{"0":{"loc":{"start":{"line":11,"column":12},"end":{"line":11,"column":null}},"type":"binary-expr","locations":[{"start":{"line":11,"column":12},"end":{"line":11,"column":29}},{"start":{"line":11,"column":29},"end":{"line":11,"column":null}}]}},"s":{"0":0,"1":0,"2":0,"3":0,"4":0,"5":0,"6":0,"7":0,"8":0,"9":0,"10":0,"11":0,"12":0,"13":0},"f":{"0":0},"b":{"0":[0,0]}}
,"/home/carlosroberto/Projetos/saas/odontopro/api/src/appointments/dto/id-param.dto.ts": {"path":"/home/carlosroberto/Projetos/saas/odontopro/api/src/appointments/dto/id-param.dto.ts","statementMap":{"0":{"start":{"line":1,"column":0},"end":{"line":1,"column":46}},"1":{"start":{"line":2,"column":0},"end":{"line":2,"column":51}},"2":{"start":{"line":4,"column":0},"end":{"line":4,"column":13}},"3":{"start":{"line":8,"column":2},"end":{"line":8,"column":null}}},"fnMap":{},"branchMap":{},"s":{"0":0,"1":0,"2":0,"3":0},"f":{},"b":{}}
,"/home/carlosroberto/Projetos/saas/odontopro/api/src/appointments/dto/query-appointment.dto.ts": {"path":"/home/carlosroberto/Projetos/saas/odontopro/api/src/appointments/dto/query-appointment.dto.ts","statementMap":{"0":{"start":{"line":1,"column":0},"end":{"line":1,"column":54}},"1":{"start":{"line":2,"column":0},"end":{"line":2,"column":76}},"2":{"start":{"line":3,"column":0},"end":{"line":3,"column":41}},"3":{"start":{"line":4,"column":0},"end":{"line":4,"column":61}},"4":{"start":{"line":12,"column":2},"end":{"line":12,"column":20}},"5":{"start":{"line":19,"column":2},"end":{"line":19,"column":21}},"6":{"start":{"line":6,"column":0},"end":{"line":6,"column":13}},"7":{"start":{"line":12,"column":2},"end":{"line":12,"column":null}},"8":{"start":{"line":8,"column":14},"end":{"line":8,"column":20}},"9":{"start":{"line":19,"column":2},"end":{"line":19,"column":null}},"10":{"start":{"line":15,"column":14},"end":{"line":15,"column":20}},"11":{"start":{"line":24,"column":2},"end":{"line":24,"column":null}},"12":{"start":{"line":29,"column":2},"end":{"line":29,"column":null}},"13":{"start":{"line":34,"column":2},"end":{"line":34,"column":null}}},"fnMap":{"0":{"name":"(anonymous_2)","decl":{"start":{"line":6,"column":0},"end":{"line":6,"column":13}},"loc":{"start":{"line":6,"column":0},"end":{"line":35,"column":1}}},"1":{"name":"(anonymous_3)","decl":{"start":{"line":8,"column":8},"end":{"line":8,"column":11}},"loc":{"start":{"line":8,"column":14},"end":{"line":8,"column":20}}},"2":{"name":"(anonymous_4)","decl":{"start":{"line":15,"column":8},"end":{"line":15,"column":11}},"loc":{"start":{"line":15,"column":14},"end":{"line":15,"column":20}}}},"branchMap":{},"s":{"0":0,"1":0,"2":0,"3":0,"4":0,"5":0,"6":0,"7":0,"8":0,"9":0,"10":0,"11":0,"12":0,"13":0},"f":{"0":0,"1":0,"2":0},"b":{}}
,"/home/carlosroberto/Projetos/saas/odontopro/api/src/appointments/dto/update-appointment.dto.ts": {"path":"/home/carlosroberto/Projetos/saas/odontopro/api/src/appointments/dto/update-appointment.dto.ts","statementMap":{"0":{"start":{"line":1,"column":0},"end":{"line":1,"column":46}},"1":{"start":{"line":2,"column":0},"end":{"line":2,"column":64}},"2":{"start":{"line":4,"column":0},"end":{"line":4,"column":13}}},"fnMap":{},"branchMap":{},"s":{"0":0,"1":0,"2":0},"f":{},"b":{}}
,"/home/carlosroberto/Projetos/saas/odontopro/api/src/health/health.controller.ts": {"path":"/home/carlosroberto/Projetos/saas/odontopro/api/src/health/health.controller.ts","statementMap":{"0":{"start":{"line":1,"column":0},"end":{"line":1,"column":49}},"1":{"start":{"line":2,"column":0},"end":{"line":2,"column":57}},"2":{"start":{"line":3,"column":0},"end":{"line":3,"column":71}},"3":{"start":{"line":16,"column":7},"end":{"line":37,"column":null}},"4":{"start":{"line":17,"column":31},"end":{"line":17,"column":39}},"5":{"start":{"line":23,"column":4},"end":{"line":23,"column":44}},"6":{"start":{"line":31,"column":4},"end":{"line":33,"column":5}},"7":{"start":{"line":32,"column":6},"end":{"line":32,"column":52}},"8":{"start":{"line":34,"column":19},"end":{"line":34,"column":70}},"9":{"start":{"line":35,"column":4},"end":{"line":35,"column":40}},"10":{"start":{"line":16,"column":13},"end":{"line":16,"column":29}},"11":{"start":{"line":22,"column":2},"end":{"line":24,"column":null}},"12":{"start":{"line":29,"column":8},"end":{"line":36,"column":null}},"13":{"start":{"line":16,"column":13},"end":{"line":37,"column":null}}},"fnMap":{"0":{"name":"(anonymous_2)","decl":{"start":{"line":17,"column":2},"end":{"line":17,"column":31}},"loc":{"start":{"line":17,"column":52},"end":{"line":17,"column":56}}},"1":{"name":"(anonymous_3)","decl":{"start":{"line":22,"column":2},"end":{"line":22,"column":4}},"loc":{"start":{"line":22,"column":4},"end":{"line":24,"column":3}}},"2":{"name":"(anonymous_4)","decl":{"start":{"line":29,"column":2},"end":{"line":29,"column":7}},"loc":{"start":{"line":29,"column":10},"end":{"line":36,"column":3}}}},"branchMap":{"0":{"loc":{"start":{"line":31,"column":4},"end":{"line":33,"column":5}},"type":"if","locations":[{"start":{"line":31,"column":4},"end":{"line":33,"column":5}}]}},"s":{"0":0,"1":0,"2":0,"3":0,"4":0,"5":0,"6":0,"7":0,"8":0,"9":0,"10":0,"11":0,"12":0,"13":0},"f":{"0":0,"1":0,"2":0},"b":{"0":[0]}}
,"/home/carlosroberto/Projetos/saas/odontopro/api/src/health/health.module.ts": {"path":"/home/carlosroberto/Projetos/saas/odontopro/api/src/health/health.module.ts","statementMap":{"0":{"start":{"line":1,"column":0},"end":{"line":1,"column":40}},"1":{"start":{"line":2,"column":0},"end":{"line":2,"column":55}},"2":{"start":{"line":7,"column":7},"end":{"line":7,"column":null}},"3":{"start":{"line":7,"column":13},"end":{"line":7,"column":25}},"4":{"start":{"line":7,"column":13},"end":{"line":7,"column":null}}},"fnMap":{},"branchMap":{},"s":{"0":0,"1":0,"2":0,"3":0,"4":0},"f":{},"b":{}}
,"/home/carlosroberto/Projetos/saas/odontopro/api/src/metrics/metrics.controller.ts": {"path":"/home/carlosroberto/Projetos/saas/odontopro/api/src/metrics/metrics.controller.ts","statementMap":{"0":{"start":{"line":1,"column":0},"end":{"line":1,"column":57}},"1":{"start":{"line":2,"column":0},"end":{"line":2,"column":51}},"2":{"start":{"line":3,"column":0},"end":{"line":3,"column":null}},"3":{"start":{"line":16,"column":7},"end":{"line":27,"column":null}},"4":{"start":{"line":17,"column":31},"end":{"line":17,"column":47}},"5":{"start":{"line":25,"column":4},"end":{"line":25,"column":41}},"6":{"start":{"line":16,"column":13},"end":{"line":16,"column":30}},"7":{"start":{"line":24,"column":8},"end":{"line":26,"column":null}},"8":{"start":{"line":16,"column":13},"end":{"line":27,"column":null}}},"fnMap":{"0":{"name":"(anonymous_2)","decl":{"start":{"line":17,"column":2},"end":{"line":17,"column":31}},"loc":{"start":{"line":17,"column":61},"end":{"line":17,"column":65}}},"1":{"name":"(anonymous_3)","decl":{"start":{"line":24,"column":2},"end":{"line":24,"column":7}},"loc":{"start":{"line":24,"column":18},"end":{"line":26,"column":3}}}},"branchMap":{},"s":{"0":0,"1":0,"2":0,"3":0,"4":0,"5":0,"6":0,"7":0,"8":0},"f":{"0":0,"1":0},"b":{}}
,"/home/carlosroberto/Projetos/saas/odontopro/api/src/metrics/metrics.interceptor.ts": {"path":"/home/carlosroberto/Projetos/saas/odontopro/api/src/metrics/metrics.interceptor.ts","statementMap":{"0":{"start":{"line":1,"column":0},"end":{"line":1,"column":null}},"1":{"start":{"line":7,"column":0},"end":{"line":7,"column":39}},"2":{"start":{"line":8,"column":0},"end":{"line":8,"column":51}},"3":{"start":{"line":14,"column":7},"end":{"line":41,"column":null}},"4":{"start":{"line":15,"column":31},"end":{"line":15,"column":40}},"5":{"start":{"line":18,"column":17},"end":{"line":18,"column":39}},"6":{"start":{"line":19,"column":16},"end":{"line":19,"column":49}},"7":{"start":{"line":20,"column":18},"end":{"line":20,"column":41}},"8":{"start":{"line":22,"column":4},"end":{"line":39,"column":6}},"9":{"start":{"line":24,"column":20},"end":{"line":24,"column":55}},"10":{"start":{"line":25,"column":23},"end":{"line":25,"column":53}},"11":{"start":{"line":26,"column":23},"end":{"line":26,"column":59}},"12":{"start":{"line":28,"column":11},"end":{"line":31,"column":19}},"13":{"start":{"line":33,"column":20},"end":{"line":33,"column":43}},"14":{"start":{"line":34,"column":24},"end":{"line":34,"column":49}},"15":{"start":{"line":35,"column":8},"end":{"line":37,"column":28}},"16":{"start":{"line":14,"column":13},"end":{"line":14,"column":31}},"17":{"start":{"line":14,"column":13},"end":{"line":41,"column":null}}},"fnMap":{"0":{"name":"(anonymous_2)","decl":{"start":{"line":15,"column":2},"end":{"line":15,"column":31}},"loc":{"start":{"line":15,"column":54},"end":{"line":15,"column":58}}},"1":{"name":"(anonymous_3)","decl":{"start":{"line":17,"column":2},"end":{"line":17,"column":11}},"loc":{"start":{"line":17,"column":56},"end":{"line":40,"column":3}}},"2":{"name":"(anonymous_4)","decl":{"start":{"line":23,"column":10},"end":{"line":23,"column":13}},"loc":{"start":{"line":23,"column":15},"end":{"line":38,"column":7}}}},"branchMap":{"0":{"loc":{"start":{"line":25,"column":30},"end":{"line":25,"column":52}},"type":"binary-expr","locations":[{"start":{"line":25,"column":30},"end":{"line":25,"column":45}},{"start":{"line":25,"column":49},"end":{"line":25,"column":52}}]},"1":{"loc":{"start":{"line":26,"column":24},"end":{"line":26,"column":44}},"type":"binary-expr","locations":[{"start":{"line":26,"column":24},"end":{"line":26,"column":35}},{"start":{"line":26,"column":39},"end":{"line":26,"column":44}}]},"2":{"loc":{"start":{"line":28,"column":11},"end":{"line":31,"column":19}},"type":"binary-expr","locations":[{"start":{"line":28,"column":11},"end":{"line":28,"column":38}},{"start":{"line":29,"column":11},"end":{"line":29,"column":38}},{"start":{"line":30,"column":11},"end":{"line":30,"column":30}},{"start":{"line":31,"column":10},"end":{"line":31,"column":19}}]}},"s":{"0":0,"1":0,"2":0,"3":0,"4":0,"5":0,"6":0,"7":0,"8":0,"9":0,"10":0,"11":0,"12":0,"13":0,"14":0,"15":0,"16":0,"17":0},"f":{"0":0,"1":0,"2":0},"b":{"0":[0,0],"1":[0,0],"2":[0,0,0,0]}}
,"/home/carlosroberto/Projetos/saas/odontopro/api/src/metrics/metrics.module.ts": {"path":"/home/carlosroberto/Projetos/saas/odontopro/api/src/metrics/metrics.module.ts","statementMap":{"0":{"start":{"line":1,"column":0},"end":{"line":1,"column":40}},"1":{"start":{"line":2,"column":0},"end":{"line":2,"column":51}},"2":{"start":{"line":3,"column":0},"end":{"line":3,"column":57}},"3":{"start":{"line":10,"column":7},"end":{"line":10,"column":null}},"4":{"start":{"line":10,"column":13},"end":{"line":10,"column":26}},"5":{"start":{"line":10,"column":13},"end":{"line":10,"column":null}}},"fnMap":{},"branchMap":{},"s":{"0":0,"1":0,"2":0,"3":0,"4":0,"5":0},"f":{},"b":{}}
,"/home/carlosroberto/Projetos/saas/odontopro/api/src/metrics/metrics.service.ts": {"path":"/home/carlosroberto/Projetos/saas/odontopro/api/src/metrics/metrics.service.ts","statementMap":{"0":{"start":{"line":1,"column":0},"end":{"line":1,"column":44}},"1":{"start":{"line":3,"column":21},"end":{"line":3,"column":53}},"2":{"start":{"line":4,"column":13},"end":{"line":4,"column":61}},"3":{"start":{"line":15,"column":2},"end":{"line":15,"column":64}},"4":{"start":{"line":23,"column":7},"end":{"line":79,"column":null}},"5":{"start":{"line":28,"column":4},"end":{"line":40,"column":5}},"6":{"start":{"line":30,"column":6},"end":{"line":35,"column":8}},"7":{"start":{"line":32,"column":10},"end":{"line":32,"column":66}},"8":{"start":{"line":36,"column":6},"end":{"line":38,"column":8}},"9":{"start":{"line":37,"column":23},"end":{"line":37,"column":58}},"10":{"start":{"line":37,"column":50},"end":{"line":37,"column":56}},"11":{"start":{"line":39,"column":6},"end":{"line":39,"column":13}},"12":{"start":{"line":42,"column":17},"end":{"line":42,"column":27}},"13":{"start":{"line":43,"column":14},"end":{"line":43,"column":null}},"14":{"start":{"line":47,"column":4},"end":{"line":47,"column":67}},"15":{"start":{"line":49,"column":4},"end":{"line":55,"column":5}},"16":{"start":{"line":50,"column":6},"end":{"line":53,"column":9}},"17":{"start":{"line":54,"column":6},"end":{"line":54,"column":53}},"18":{"start":{"line":57,"column":22},"end":{"line":58,"column":null}},"19":{"start":{"line":61,"column":4},"end":{"line":69,"column":9}},"20":{"start":{"line":73,"column":4},"end":{"line":73,"column":44}},"21":{"start":{"line":77,"column":4},"end":{"line":77,"column":62}},"22":{"start":{"line":23,"column":13},"end":{"line":23,"column":27}},"23":{"start":{"line":23,"column":13},"end":{"line":79,"column":null}}},"fnMap":{"0":{"name":"loadProm","decl":{"start":{"line":13,"column":9},"end":{"line":13,"column":17}},"loc":{"start":{"line":13,"column":17},"end":{"line":16,"column":1}}},"1":{"name":"(anonymous_3)","decl":{"start":{"line":27,"column":2},"end":{"line":27,"column":null}},"loc":{"start":{"line":27,"column":2},"end":{"line":70,"column":3}}},"2":{"name":"(anonymous_4)","decl":{"start":{"line":31,"column":8},"end":{"line":31,"column":13}},"loc":{"start":{"line":31,"column":21},"end":{"line":33,"column":9}}},"3":{"name":"(anonymous_5)","decl":{"start":{"line":37,"column":16},"end":{"line":37,"column":19}},"loc":{"start":{"line":37,"column":23},"end":{"line":37,"column":58}}},"4":{"name":"(anonymous_6)","decl":{"start":{"line":37,"column":34},"end":{"line":37,"column":35}},"loc":{"start":{"line":37,"column":50},"end":{"line":37,"column":56}}},"5":{"name":"(anonymous_7)","decl":{"start":{"line":72,"column":2},"end":{"line":72,"column":7}},"loc":{"start":{"line":72,"column":15},"end":{"line":74,"column":3}}},"6":{"name":"(anonymous_8)","decl":{"start":{"line":76,"column":2},"end":{"line":76,"column":16}},"loc":{"start":{"line":76,"column":16},"end":{"line":78,"column":3}}}},"branchMap":{"0":{"loc":{"start":{"line":4,"column":13},"end":{"line":4,"column":61}},"type":"binary-expr","locations":[{"start":{"line":4,"column":13},"end":{"line":4,"column":25}},{"start":{"line":4,"column":29},"end":{"line":4,"column":61}}]},"1":{"loc":{"start":{"line":28,"column":4},"end":{"line":40,"column":5}},"type":"if","locations":[{"start":{"line":28,"column":4},"end":{"line":40,"column":5}}]},"2":{"loc":{"start":{"line":47,"column":20},"end":{"line":47,"column":66}},"type":"binary-expr","locations":[{"start":{"line":47,"column":20},"end":{"line":47,"column":43}},{"start":{"line":47,"column":47},"end":{"line":47,"column":66}}]},"3":{"loc":{"start":{"line":49,"column":4},"end":{"line":55,"column":5}},"type":"if","locations":[{"start":{"line":49,"column":4},"end":{"line":55,"column":5}}]},"4":{"loc":{"start":{"line":62,"column":6},"end":{"line":69,"column":8}},"type":"binary-expr","locations":[{"start":{"line":62,"column":6},"end":{"line":62,"column":14}},{"start":{"line":63,"column":6},"end":{"line":69,"column":8}}]},"5":{"loc":{"start":{"line":77,"column":12},"end":{"line":77,"column":61}},"type":"binary-expr","locations":[{"start":{"line":77,"column":12},"end":{"line":77,"column":45}},{"start":{"line":77,"column":49},"end":{"line":77,"column":61}}]}},"s":{"0":0,"1":0,"2":0,"3":0,"4":0,"5":0,"6":0,"7":0,"8":0,"9":0,"10":0,"11":0,"12":0,"13":0,"14":0,"15":0,"16":0,"17":0,"18":0,"19":0,"20":0,"21":0,"22":0,"23":0},"f":{"0":0,"1":0,"2":0,"3":0,"4":0,"5":0,"6":0},"b":{"0":[0,0],"1":[0],"2":[0,0],"3":[0],"4":[0,0],"5":[0,0]}}
,"/home/carlosroberto/Projetos/saas/odontopro/api/src/metrics/route.ts": {"path":"/home/carlosroberto/Projetos/saas/odontopro/api/src/metrics/route.ts","statementMap":{"0":{"start":{"line":12,"column":0},"end":{"line":12,"column":7}},"1":{"start":{"line":1,"column":0},"end":{"line":1,"column":43}},"2":{"start":{"line":2,"column":0},"end":{"line":2,"column":42}},"3":{"start":{"line":4,"column":15},"end":{"line":4,"column":28}},"4":{"start":{"line":6,"column":2},"end":{"line":6,"column":50}},"5":{"start":{"line":7,"column":0},"end":{"line":10,"column":1}},"6":{"start":{"line":8,"column":2},"end":{"line":8,"column":75}},"7":{"start":{"line":9,"column":2},"end":{"line":9,"column":33}},"8":{"start":{"line":13,"column":15},"end":{"line":13,"column":39}},"9":{"start":{"line":14,"column":2},"end":{"line":17,"column":5}}},"fnMap":{"0":{"name":"GET","decl":{"start":{"line":12,"column":22},"end":{"line":12,"column":25}},"loc":{"start":{"line":12,"column":25},"end":{"line":18,"column":1}}}},"branchMap":{"0":{"loc":{"start":{"line":6,"column":2},"end":{"line":6,"column":50}},"type":"binary-expr","locations":[{"start":{"line":6,"column":2},"end":{"line":6,"column":21}},{"start":{"line":6,"column":25},"end":{"line":6,"column":50}}]},"1":{"loc":{"start":{"line":7,"column":0},"end":{"line":10,"column":1}},"type":"if","locations":[{"start":{"line":7,"column":0},"end":{"line":10,"column":1}}]}},"s":{"0":0,"1":0,"2":0,"3":0,"4":0,"5":0,"6":0,"7":0,"8":0,"9":0},"f":{"0":0},"b":{"0":[0,0],"1":[0]}}
,"/home/carlosroberto/Projetos/saas/odontopro/api/src/prisma/prisma.module.ts": {"path":"/home/carlosroberto/Projetos/saas/odontopro/api/src/prisma/prisma.module.ts","statementMap":{"0":{"start":{"line":1,"column":0},"end":{"line":1,"column":48}},"1":{"start":{"line":2,"column":0},"end":{"line":2,"column":49}},"2":{"start":{"line":10,"column":7},"end":{"line":10,"column":null}},"3":{"start":{"line":10,"column":13},"end":{"line":10,"column":25}},"4":{"start":{"line":10,"column":13},"end":{"line":10,"column":null}}},"fnMap":{},"branchMap":{},"s":{"0":0,"1":0,"2":0,"3":0,"4":0},"f":{},"b":{}}
,"/home/carlosroberto/Projetos/saas/odontopro/api/src/prisma/prisma.service.ts": {"path":"/home/carlosroberto/Projetos/saas/odontopro/api/src/prisma/prisma.service.ts","statementMap":{"0":{"start":{"line":1,"column":0},"end":{"line":1,"column":76}},"1":{"start":{"line":4,"column":21},"end":{"line":4,"column":53}},"2":{"start":{"line":5,"column":21},"end":{"line":5,"column":60}},"3":{"start":{"line":8,"column":28},"end":{"line":8,"column":32}},"4":{"start":{"line":9,"column":0},"end":{"line":16,"column":1}},"5":{"start":{"line":10,"column":2},"end":{"line":15,"column":3}},"6":{"start":{"line":12,"column":4},"end":{"line":12,"column":62}},"7":{"start":{"line":14,"column":4},"end":{"line":14,"column":28}},"8":{"start":{"line":23,"column":4},"end":{"line":23,"column":23}},"9":{"start":{"line":28,"column":14},"end":{"line":28,"column":50}},"10":{"start":{"line":33,"column":7},"end":{"line":46,"column":null}},"11":{"start":{"line":35,"column":4},"end":{"line":35,"column":66}},"12":{"start":{"line":35,"column":59},"end":{"line":35,"column":66}},"13":{"start":{"line":37,"column":4},"end":{"line":37,"column":69}},"14":{"start":{"line":37,"column":46},"end":{"line":37,"column":69}},"15":{"start":{"line":42,"column":4},"end":{"line":44,"column":7}},"16":{"start":{"line":43,"column":6},"end":{"line":43,"column":24}},"17":{"start":{"line":33,"column":13},"end":{"line":33,"column":26}},"18":{"start":{"line":33,"column":13},"end":{"line":46,"column":null}}},"fnMap":{"0":{"name":"(anonymous_1)","decl":{"start":{"line":20,"column":2},"end":{"line":20,"column":7}},"loc":{"start":{"line":20,"column":16},"end":{"line":20,"column":21}}},"1":{"name":"(anonymous_2)","decl":{"start":{"line":21,"column":2},"end":{"line":21,"column":7}},"loc":{"start":{"line":21,"column":19},"end":{"line":21,"column":24}}},"2":{"name":"(anonymous_3)","decl":{"start":{"line":22,"column":2},"end":{"line":22,"column":7}},"loc":{"start":{"line":22,"column":34},"end":{"line":24,"column":3}}},"3":{"name":"(anonymous_4)","decl":{"start":{"line":25,"column":2},"end":{"line":25,"column":5}},"loc":{"start":{"line":25,"column":5},"end":{"line":25,"column":10}}},"4":{"name":"(anonymous_5)","decl":{"start":{"line":34,"column":2},"end":{"line":34,"column":7}},"loc":{"start":{"line":34,"column":20},"end":{"line":38,"column":3}}},"5":{"name":"(anonymous_6)","decl":{"start":{"line":40,"column":2},"end":{"line":40,"column":7}},"loc":{"start":{"line":40,"column":49},"end":{"line":45,"column":3}}},"6":{"name":"(anonymous_7)","decl":{"start":{"line":42,"column":29},"end":{"line":42,"column":34}},"loc":{"start":{"line":42,"column":40},"end":{"line":44,"column":5}}}},"branchMap":{"0":{"loc":{"start":{"line":9,"column":0},"end":{"line":16,"column":1}},"type":"if","locations":[{"start":{"line":9,"column":0},"end":{"line":16,"column":1}}]},"1":{"loc":{"start":{"line":28,"column":14},"end":{"line":28,"column":50}},"type":"binary-expr","locations":[{"start":{"line":28,"column":14},"end":{"line":28,"column":30}},{"start":{"line":28,"column":34},"end":{"line":28,"column":50}}]},"2":{"loc":{"start":{"line":35,"column":4},"end":{"line":35,"column":66}},"type":"if","locations":[{"start":{"line":35,"column":4},"end":{"line":35,"column":66}}]},"3":{"loc":{"start":{"line":35,"column":8},"end":{"line":35,"column":57}},"type":"binary-expr","locations":[{"start":{"line":35,"column":8},"end":{"line":35,"column":20}},{"start":{"line":35,"column":24},"end":{"line":35,"column":36}},{"start":{"line":35,"column":40},"end":{"line":35,"column":57}}]},"4":{"loc":{"start":{"line":37,"column":4},"end":{"line":37,"column":69}},"type":"if","locations":[{"start":{"line":37,"column":4},"end":{"line":37,"column":69}}]}},"s":{"0":0,"1":0,"2":0,"3":0,"4":0,"5":0,"6":0,"7":0,"8":0,"9":0,"10":0,"11":0,"12":0,"13":0,"14":0,"15":0,"16":0,"17":0,"18":0},"f":{"0":0,"1":0,"2":0,"3":0,"4":0,"5":0,"6":0},"b":{"0":[0],"1":[0,0],"2":[0],"3":[0,0,0],"4":[0]}}
}
